0 info it worked if it ends with ok
1 verbose cli [ '/usr/local/bin/node', '/usr/local/bin/npm', 'install', 'kill' ]
2 info using npm@4.0.5
3 info using node@v8.0.0-pre
4 verbose config Skipping project config: /home/marcello/.npmrc. (matches userconfig)
5 silly loadCurrentTree Starting
6 silly install loadCurrentTree
7 silly install readLocalPackageData
8 silly fetchPackageMetaData kill
9 silly fetchNamedPackageData kill
10 silly mapToRegistry name kill
11 silly mapToRegistry using default registry
12 silly mapToRegistry registry https://registry.npmjs.org/
13 silly mapToRegistry data Result {
13 silly mapToRegistry   raw: 'kill',
13 silly mapToRegistry   scope: null,
13 silly mapToRegistry   escapedName: 'kill',
13 silly mapToRegistry   name: 'kill',
13 silly mapToRegistry   rawSpec: '',
13 silly mapToRegistry   spec: 'latest',
13 silly mapToRegistry   type: 'tag' }
14 silly mapToRegistry uri https://registry.npmjs.org/kill
15 verbose request uri https://registry.npmjs.org/kill
16 verbose request no auth needed
17 info attempt registry request try #1 at 7:45:03 PM
18 verbose request id c90bc4c63725389a
19 http request GET https://registry.npmjs.org/kill
20 http 200 https://registry.npmjs.org/kill
21 verbose headers { server: 'nginx/1.10.1',
21 verbose headers   'content-type': 'application/json',
21 verbose headers   'last-modified': 'Wed, 11 Jun 2014 17:20:30 GMT',
21 verbose headers   etag: 'W/"53988fde-e2a"',
21 verbose headers   'content-encoding': 'gzip',
21 verbose headers   'cache-control': 'max-age=300',
21 verbose headers   'content-length': '1403',
21 verbose headers   'accept-ranges': 'bytes',
21 verbose headers   date: 'Sat, 09 Sep 2017 22:45:04 GMT',
21 verbose headers   via: '1.1 varnish',
21 verbose headers   age: '0',
21 verbose headers   connection: 'keep-alive',
21 verbose headers   'x-served-by': 'cache-gru17133-GRU',
21 verbose headers   'x-cache': 'MISS',
21 verbose headers   'x-cache-hits': '0',
21 verbose headers   'x-timer': 'S1504997105.539459,VS0,VE223',
21 verbose headers   vary: 'Accept-Encoding, Accept' }
22 silly get cb [ 200,
22 silly get   { server: 'nginx/1.10.1',
22 silly get     'content-type': 'application/json',
22 silly get     'last-modified': 'Wed, 11 Jun 2014 17:20:30 GMT',
22 silly get     etag: 'W/"53988fde-e2a"',
22 silly get     'content-encoding': 'gzip',
22 silly get     'cache-control': 'max-age=300',
22 silly get     'content-length': '1403',
22 silly get     'accept-ranges': 'bytes',
22 silly get     date: 'Sat, 09 Sep 2017 22:45:04 GMT',
22 silly get     via: '1.1 varnish',
22 silly get     age: '0',
22 silly get     connection: 'keep-alive',
22 silly get     'x-served-by': 'cache-gru17133-GRU',
22 silly get     'x-cache': 'MISS',
22 silly get     'x-cache-hits': '0',
22 silly get     'x-timer': 'S1504997105.539459,VS0,VE223',
22 silly get     vary: 'Accept-Encoding, Accept' } ]
23 verbose get saving kill to /home/marcello/.npm/registry.npmjs.org/kill/.cache.json
24 verbose correctMkdir /home/marcello/.npm correctMkdir not in flight; initializing
25 silly install normalizeTree
26 silly loadCurrentTree Finishing
27 silly loadIdealTree Starting
28 silly install loadIdealTree
29 silly cloneCurrentTree Starting
30 silly install cloneCurrentTreeToIdealTree
31 silly cloneCurrentTree Finishing
32 silly loadShrinkwrap Starting
33 silly install loadShrinkwrap
34 silly loadShrinkwrap Finishing
35 silly loadAllDepsIntoIdealTree Starting
36 silly install loadAllDepsIntoIdealTree
37 silly resolveWithNewModule kill@0.0.2 checking installable status
38 silly cache add args [ 'kill', null ]
39 verbose cache add spec kill
40 silly cache add parsed spec Result {
40 silly cache add   raw: 'kill',
40 silly cache add   scope: null,
40 silly cache add   escapedName: 'kill',
40 silly cache add   name: 'kill',
40 silly cache add   rawSpec: '',
40 silly cache add   spec: 'latest',
40 silly cache add   type: 'tag' }
41 silly addNamed kill@latest
42 verbose addNamed "latest" is being treated as a dist-tag for kill
43 info addNameTag [ 'kill', 'latest' ]
44 silly mapToRegistry name kill
45 silly mapToRegistry using default registry
46 silly mapToRegistry registry https://registry.npmjs.org/
47 silly mapToRegistry data Result {
47 silly mapToRegistry   raw: 'kill',
47 silly mapToRegistry   scope: null,
47 silly mapToRegistry   escapedName: 'kill',
47 silly mapToRegistry   name: 'kill',
47 silly mapToRegistry   rawSpec: '',
47 silly mapToRegistry   spec: 'latest',
47 silly mapToRegistry   type: 'tag' }
48 silly mapToRegistry uri https://registry.npmjs.org/kill
49 verbose addNameTag registry:https://registry.npmjs.org/kill not in flight; fetching
50 verbose get https://registry.npmjs.org/kill not expired, no request
51 silly addNameTag next cb for kill with tag latest
52 silly addNamed kill@0.0.2
53 verbose addNamed "0.0.2" is a plain semver version for kill
54 silly mapToRegistry name kill
55 silly mapToRegistry using default registry
56 silly mapToRegistry registry https://registry.npmjs.org/
57 silly mapToRegistry data Result {
57 silly mapToRegistry   raw: 'kill',
57 silly mapToRegistry   scope: null,
57 silly mapToRegistry   escapedName: 'kill',
57 silly mapToRegistry   name: 'kill',
57 silly mapToRegistry   rawSpec: '',
57 silly mapToRegistry   spec: 'latest',
57 silly mapToRegistry   type: 'tag' }
58 silly mapToRegistry uri https://registry.npmjs.org/kill
59 verbose addRemoteTarball https://registry.npmjs.org/kill/-/kill-0.0.2.tgz not in flight; adding
60 verbose addRemoteTarball [ 'https://registry.npmjs.org/kill/-/kill-0.0.2.tgz',
60 verbose addRemoteTarball   '7e6ea3b3c0485ba43574eca74f241c20c9e54047' ]
61 info retry fetch attempt 1 at 7:45:04 PM
62 info attempt registry request try #1 at 7:45:04 PM
63 http fetch GET https://registry.npmjs.org/kill/-/kill-0.0.2.tgz
64 http fetch 200 https://registry.npmjs.org/kill/-/kill-0.0.2.tgz
65 silly fetchAndShaCheck shasum 7e6ea3b3c0485ba43574eca74f241c20c9e54047
66 verbose addTmpTarball /tmp/npm-19634-c4c9806a/registry.npmjs.org/kill/-/kill-0.0.2.tgz not in flight; adding
67 verbose addTmpTarball already have metadata; skipping unpack for kill@0.0.2
68 verbose correctMkdir /home/marcello/.npm correctMkdir not in flight; initializing
69 silly cache afterAdd kill@0.0.2
70 verbose afterAdd /home/marcello/.npm/kill/0.0.2/package/package.json not in flight; writing
71 verbose correctMkdir /home/marcello/.npm correctMkdir not in flight; initializing
72 verbose afterAdd /home/marcello/.npm/kill/0.0.2/package/package.json written
73 silly fetchNamedPackageData iconv
74 silly mapToRegistry name iconv
75 silly mapToRegistry using default registry
76 silly mapToRegistry registry https://registry.npmjs.org/
77 silly mapToRegistry data Result {
77 silly mapToRegistry   raw: 'iconv',
77 silly mapToRegistry   scope: null,
77 silly mapToRegistry   escapedName: 'iconv',
77 silly mapToRegistry   name: 'iconv',
77 silly mapToRegistry   rawSpec: '',
77 silly mapToRegistry   spec: 'latest',
77 silly mapToRegistry   type: 'tag' }
78 silly mapToRegistry uri https://registry.npmjs.org/iconv
79 silly fetchNamedPackageData node-icu-charset-detector
80 silly mapToRegistry name node-icu-charset-detector
81 silly mapToRegistry using default registry
82 silly mapToRegistry registry https://registry.npmjs.org/
83 silly mapToRegistry data Result {
83 silly mapToRegistry   raw: 'node-icu-charset-detector',
83 silly mapToRegistry   scope: null,
83 silly mapToRegistry   escapedName: 'node-icu-charset-detector',
83 silly mapToRegistry   name: 'node-icu-charset-detector',
83 silly mapToRegistry   rawSpec: '',
83 silly mapToRegistry   spec: 'latest',
83 silly mapToRegistry   type: 'tag' }
84 silly mapToRegistry uri https://registry.npmjs.org/node-icu-charset-detector
85 verbose request uri https://registry.npmjs.org/node-icu-charset-detector
86 verbose request no auth needed
87 info attempt registry request try #1 at 7:45:05 PM
88 verbose etag W/"5731e613-4c62"
89 verbose lastModified Tue, 10 May 2016 13:45:55 GMT
90 http request GET https://registry.npmjs.org/node-icu-charset-detector
91 verbose request uri https://registry.npmjs.org/iconv
92 verbose request no auth needed
93 info attempt registry request try #1 at 7:45:05 PM
94 verbose etag W/"59503922-a11a"
95 verbose lastModified Sun, 25 Jun 2017 22:28:50 GMT
96 http request GET https://registry.npmjs.org/iconv
97 http 304 https://registry.npmjs.org/node-icu-charset-detector
98 verbose headers { date: 'Sat, 09 Sep 2017 22:45:05 GMT',
98 verbose headers   via: '1.1 varnish',
98 verbose headers   'cache-control': 'max-age=300',
98 verbose headers   etag: 'W/"5731e613-4c62"',
98 verbose headers   age: '0',
98 verbose headers   connection: 'keep-alive',
98 verbose headers   'x-served-by': 'cache-gru17133-GRU',
98 verbose headers   'x-cache': 'MISS',
98 verbose headers   'x-cache-hits': '0',
98 verbose headers   'x-timer': 'S1504997106.892026,VS0,VE181',
98 verbose headers   vary: 'Accept-Encoding, Accept' }
99 silly get cb [ 304,
99 silly get   { date: 'Sat, 09 Sep 2017 22:45:05 GMT',
99 silly get     via: '1.1 varnish',
99 silly get     'cache-control': 'max-age=300',
99 silly get     etag: 'W/"5731e613-4c62"',
99 silly get     age: '0',
99 silly get     connection: 'keep-alive',
99 silly get     'x-served-by': 'cache-gru17133-GRU',
99 silly get     'x-cache': 'MISS',
99 silly get     'x-cache-hits': '0',
99 silly get     'x-timer': 'S1504997106.892026,VS0,VE181',
99 silly get     vary: 'Accept-Encoding, Accept' } ]
100 verbose etag https://registry.npmjs.org/node-icu-charset-detector from cache
101 verbose get saving node-icu-charset-detector to /home/marcello/.npm/registry.npmjs.org/node-icu-charset-detector/.cache.json
102 verbose correctMkdir /home/marcello/.npm correctMkdir not in flight; initializing
103 silly resolveWithNewModule node-icu-charset-detector@0.2.0 checking installable status
104 silly cache add args [ 'node-icu-charset-detector@~0.2.0', null ]
105 verbose cache add spec node-icu-charset-detector@~0.2.0
106 silly cache add parsed spec Result {
106 silly cache add   raw: 'node-icu-charset-detector@~0.2.0',
106 silly cache add   scope: null,
106 silly cache add   escapedName: 'node-icu-charset-detector',
106 silly cache add   name: 'node-icu-charset-detector',
106 silly cache add   rawSpec: '~0.2.0',
106 silly cache add   spec: '>=0.2.0 <0.3.0',
106 silly cache add   type: 'range' }
107 silly addNamed node-icu-charset-detector@>=0.2.0 <0.3.0
108 verbose addNamed ">=0.2.0 <0.3.0" is a valid semver range for node-icu-charset-detector
109 silly addNameRange { name: 'node-icu-charset-detector',
109 silly addNameRange   range: '>=0.2.0 <0.3.0',
109 silly addNameRange   hasData: false }
110 silly mapToRegistry name node-icu-charset-detector
111 silly mapToRegistry using default registry
112 silly mapToRegistry registry https://registry.npmjs.org/
113 silly mapToRegistry data Result {
113 silly mapToRegistry   raw: 'node-icu-charset-detector',
113 silly mapToRegistry   scope: null,
113 silly mapToRegistry   escapedName: 'node-icu-charset-detector',
113 silly mapToRegistry   name: 'node-icu-charset-detector',
113 silly mapToRegistry   rawSpec: '',
113 silly mapToRegistry   spec: 'latest',
113 silly mapToRegistry   type: 'tag' }
114 silly mapToRegistry uri https://registry.npmjs.org/node-icu-charset-detector
115 verbose addNameRange registry:https://registry.npmjs.org/node-icu-charset-detector not in flight; fetching
116 verbose get https://registry.npmjs.org/node-icu-charset-detector not expired, no request
117 silly addNameRange number 2 { name: 'node-icu-charset-detector',
117 silly addNameRange   range: '>=0.2.0 <0.3.0',
117 silly addNameRange   hasData: true }
118 silly addNameRange versions [ 'node-icu-charset-detector',
118 silly addNameRange   [ '0.0.1',
118 silly addNameRange     '0.0.2',
118 silly addNameRange     '0.0.3',
118 silly addNameRange     '0.0.4',
118 silly addNameRange     '0.0.5',
118 silly addNameRange     '0.0.6',
118 silly addNameRange     '0.0.7',
118 silly addNameRange     '0.1.0',
118 silly addNameRange     '0.1.1',
118 silly addNameRange     '0.1.2',
118 silly addNameRange     '0.1.3',
118 silly addNameRange     '0.1.4',
118 silly addNameRange     '0.2.0' ] ]
119 silly addNamed node-icu-charset-detector@0.2.0
120 verbose addNamed "0.2.0" is a plain semver version for node-icu-charset-detector
121 silly cache afterAdd node-icu-charset-detector@0.2.0
122 verbose afterAdd /home/marcello/.npm/node-icu-charset-detector/0.2.0/package/package.json not in flight; writing
123 verbose correctMkdir /home/marcello/.npm correctMkdir not in flight; initializing
124 verbose afterAdd /home/marcello/.npm/node-icu-charset-detector/0.2.0/package/package.json written
125 http 304 https://registry.npmjs.org/iconv
126 verbose headers { date: 'Sat, 09 Sep 2017 22:45:06 GMT',
126 verbose headers   via: '1.1 varnish',
126 verbose headers   'cache-control': 'max-age=300',
126 verbose headers   etag: 'W/"59503922-a11a"',
126 verbose headers   age: '0',
126 verbose headers   connection: 'keep-alive',
126 verbose headers   'x-served-by': 'cache-gru17126-GRU',
126 verbose headers   'x-cache': 'MISS',
126 verbose headers   'x-cache-hits': '0',
126 verbose headers   'x-timer': 'S1504997106.040840,VS0,VE151',
126 verbose headers   vary: 'Accept-Encoding, Accept' }
127 silly get cb [ 304,
127 silly get   { date: 'Sat, 09 Sep 2017 22:45:06 GMT',
127 silly get     via: '1.1 varnish',
127 silly get     'cache-control': 'max-age=300',
127 silly get     etag: 'W/"59503922-a11a"',
127 silly get     age: '0',
127 silly get     connection: 'keep-alive',
127 silly get     'x-served-by': 'cache-gru17126-GRU',
127 silly get     'x-cache': 'MISS',
127 silly get     'x-cache-hits': '0',
127 silly get     'x-timer': 'S1504997106.040840,VS0,VE151',
127 silly get     vary: 'Accept-Encoding, Accept' } ]
128 verbose etag https://registry.npmjs.org/iconv from cache
129 verbose get saving iconv to /home/marcello/.npm/registry.npmjs.org/iconv/.cache.json
130 verbose correctMkdir /home/marcello/.npm correctMkdir not in flight; initializing
131 silly resolveWithNewModule iconv@2.2.3 checking installable status
132 silly cache add args [ 'iconv@~2.2.1', null ]
133 verbose cache add spec iconv@~2.2.1
134 silly cache add parsed spec Result {
134 silly cache add   raw: 'iconv@~2.2.1',
134 silly cache add   scope: null,
134 silly cache add   escapedName: 'iconv',
134 silly cache add   name: 'iconv',
134 silly cache add   rawSpec: '~2.2.1',
134 silly cache add   spec: '>=2.2.1 <2.3.0',
134 silly cache add   type: 'range' }
135 silly addNamed iconv@>=2.2.1 <2.3.0
136 verbose addNamed ">=2.2.1 <2.3.0" is a valid semver range for iconv
137 silly addNameRange { name: 'iconv', range: '>=2.2.1 <2.3.0', hasData: false }
138 silly mapToRegistry name iconv
139 silly mapToRegistry using default registry
140 silly mapToRegistry registry https://registry.npmjs.org/
141 silly mapToRegistry data Result {
141 silly mapToRegistry   raw: 'iconv',
141 silly mapToRegistry   scope: null,
141 silly mapToRegistry   escapedName: 'iconv',
141 silly mapToRegistry   name: 'iconv',
141 silly mapToRegistry   rawSpec: '',
141 silly mapToRegistry   spec: 'latest',
141 silly mapToRegistry   type: 'tag' }
142 silly mapToRegistry uri https://registry.npmjs.org/iconv
143 verbose addNameRange registry:https://registry.npmjs.org/iconv not in flight; fetching
144 verbose get https://registry.npmjs.org/iconv not expired, no request
145 silly addNameRange number 2 { name: 'iconv', range: '>=2.2.1 <2.3.0', hasData: true }
146 silly addNameRange versions [ 'iconv',
146 silly addNameRange   [ '1.0.0',
146 silly addNameRange     '1.0.1',
146 silly addNameRange     '1.1.0',
146 silly addNameRange     '1.1.1',
146 silly addNameRange     '1.1.2',
146 silly addNameRange     '1.1.3',
146 silly addNameRange     '1.2.0',
146 silly addNameRange     '1.2.1',
146 silly addNameRange     '1.2.2',
146 silly addNameRange     '1.2.3',
146 silly addNameRange     '1.2.4',
146 silly addNameRange     '2.0.0',
146 silly addNameRange     '2.0.1',
146 silly addNameRange     '2.0.2',
146 silly addNameRange     '2.0.3',
146 silly addNameRange     '2.0.4',
146 silly addNameRange     '2.0.5',
146 silly addNameRange     '2.0.6',
146 silly addNameRange     '2.0.7',
146 silly addNameRange     '2.1.0',
146 silly addNameRange     '2.1.1',
146 silly addNameRange     '2.1.2',
146 silly addNameRange     '2.1.3',
146 silly addNameRange     '2.1.4',
146 silly addNameRange     '2.1.5',
146 silly addNameRange     '2.1.6',
146 silly addNameRange     '2.1.7',
146 silly addNameRange     '2.1.8',
146 silly addNameRange     '2.1.9',
146 silly addNameRange     '2.1.10',
146 silly addNameRange     '2.1.11',
146 silly addNameRange     '2.2.0',
146 silly addNameRange     '2.2.1',
146 silly addNameRange     '2.2.2',
146 silly addNameRange     '2.2.3',
146 silly addNameRange     '2.3.0' ] ]
147 silly addNamed iconv@2.2.3
148 verbose addNamed "2.2.3" is a plain semver version for iconv
149 silly cache afterAdd iconv@2.2.3
150 verbose afterAdd /home/marcello/.npm/iconv/2.2.3/package/package.json not in flight; writing
151 verbose correctMkdir /home/marcello/.npm correctMkdir not in flight; initializing
152 verbose afterAdd /home/marcello/.npm/iconv/2.2.3/package/package.json written
153 silly fetchNamedPackageData nan
154 silly mapToRegistry name nan
155 silly mapToRegistry using default registry
156 silly mapToRegistry registry https://registry.npmjs.org/
157 silly mapToRegistry data Result {
157 silly mapToRegistry   raw: 'nan',
157 silly mapToRegistry   scope: null,
157 silly mapToRegistry   escapedName: 'nan',
157 silly mapToRegistry   name: 'nan',
157 silly mapToRegistry   rawSpec: '',
157 silly mapToRegistry   spec: 'latest',
157 silly mapToRegistry   type: 'tag' }
158 silly mapToRegistry uri https://registry.npmjs.org/nan
159 verbose request uri https://registry.npmjs.org/nan
160 verbose request no auth needed
161 info attempt registry request try #1 at 7:45:06 PM
162 verbose etag W/"597a1ce5-1fa1a"
163 verbose lastModified Thu, 27 Jul 2017 17:03:33 GMT
164 http request GET https://registry.npmjs.org/nan
165 http 200 https://registry.npmjs.org/nan
166 verbose headers { server: 'nginx/1.10.1',
166 verbose headers   'content-type': 'application/json',
166 verbose headers   'last-modified': 'Wed, 30 Aug 2017 00:42:51 GMT',
166 verbose headers   etag: 'W/"59a60a0b-20228"',
166 verbose headers   'content-encoding': 'gzip',
166 verbose headers   'cache-control': 'max-age=300',
166 verbose headers   'content-length': '15420',
166 verbose headers   'accept-ranges': 'bytes',
166 verbose headers   date: 'Sat, 09 Sep 2017 22:45:06 GMT',
166 verbose headers   via: '1.1 varnish',
166 verbose headers   age: '162',
166 verbose headers   connection: 'keep-alive',
166 verbose headers   'x-served-by': 'cache-gru17133-GRU',
166 verbose headers   'x-cache': 'HIT',
166 verbose headers   'x-cache-hits': '2',
166 verbose headers   'x-timer': 'S1504997106.422984,VS0,VE0',
166 verbose headers   vary: 'Accept-Encoding, Accept' }
167 silly get cb [ 200,
167 silly get   { server: 'nginx/1.10.1',
167 silly get     'content-type': 'application/json',
167 silly get     'last-modified': 'Wed, 30 Aug 2017 00:42:51 GMT',
167 silly get     etag: 'W/"59a60a0b-20228"',
167 silly get     'content-encoding': 'gzip',
167 silly get     'cache-control': 'max-age=300',
167 silly get     'content-length': '15420',
167 silly get     'accept-ranges': 'bytes',
167 silly get     date: 'Sat, 09 Sep 2017 22:45:06 GMT',
167 silly get     via: '1.1 varnish',
167 silly get     age: '162',
167 silly get     connection: 'keep-alive',
167 silly get     'x-served-by': 'cache-gru17133-GRU',
167 silly get     'x-cache': 'HIT',
167 silly get     'x-cache-hits': '2',
167 silly get     'x-timer': 'S1504997106.422984,VS0,VE0',
167 silly get     vary: 'Accept-Encoding, Accept' } ]
168 verbose get saving nan to /home/marcello/.npm/registry.npmjs.org/nan/.cache.json
169 verbose correctMkdir /home/marcello/.npm correctMkdir not in flight; initializing
170 silly resolveWithNewModule nan@2.7.0 checking installable status
171 silly cache add args [ 'nan@^2.3.5', null ]
172 verbose cache add spec nan@^2.3.5
173 silly cache add parsed spec Result {
173 silly cache add   raw: 'nan@^2.3.5',
173 silly cache add   scope: null,
173 silly cache add   escapedName: 'nan',
173 silly cache add   name: 'nan',
173 silly cache add   rawSpec: '^2.3.5',
173 silly cache add   spec: '>=2.3.5 <3.0.0',
173 silly cache add   type: 'range' }
174 silly addNamed nan@>=2.3.5 <3.0.0
175 verbose addNamed ">=2.3.5 <3.0.0" is a valid semver range for nan
176 silly addNameRange { name: 'nan', range: '>=2.3.5 <3.0.0', hasData: false }
177 silly mapToRegistry name nan
178 silly mapToRegistry using default registry
179 silly mapToRegistry registry https://registry.npmjs.org/
180 silly mapToRegistry data Result {
180 silly mapToRegistry   raw: 'nan',
180 silly mapToRegistry   scope: null,
180 silly mapToRegistry   escapedName: 'nan',
180 silly mapToRegistry   name: 'nan',
180 silly mapToRegistry   rawSpec: '',
180 silly mapToRegistry   spec: 'latest',
180 silly mapToRegistry   type: 'tag' }
181 silly mapToRegistry uri https://registry.npmjs.org/nan
182 verbose addNameRange registry:https://registry.npmjs.org/nan not in flight; fetching
183 verbose get https://registry.npmjs.org/nan not expired, no request
184 silly addNameRange number 2 { name: 'nan', range: '>=2.3.5 <3.0.0', hasData: true }
185 silly addNameRange versions [ 'nan',
185 silly addNameRange   [ '0.3.0-wip',
185 silly addNameRange     '0.3.0-wip2',
185 silly addNameRange     '0.3.0',
185 silly addNameRange     '0.3.1',
185 silly addNameRange     '0.3.2',
185 silly addNameRange     '0.4.0',
185 silly addNameRange     '0.4.1',
185 silly addNameRange     '0.4.2',
185 silly addNameRange     '0.4.3',
185 silly addNameRange     '0.4.4',
185 silly addNameRange     '0.5.0',
185 silly addNameRange     '0.5.1',
185 silly addNameRange     '0.5.2',
185 silly addNameRange     '0.6.0',
185 silly addNameRange     '0.7.0',
185 silly addNameRange     '0.7.1',
185 silly addNameRange     '0.8.0',
185 silly addNameRange     '1.0.0',
185 silly addNameRange     '1.1.0',
185 silly addNameRange     '1.1.1',
185 silly addNameRange     '1.1.2',
185 silly addNameRange     '1.2.0',
185 silly addNameRange     '1.3.0',
185 silly addNameRange     '1.4.0',
185 silly addNameRange     '1.4.1',
185 silly addNameRange     '1.5.0',
185 silly addNameRange     '1.4.2',
185 silly addNameRange     '1.4.3',
185 silly addNameRange     '1.5.1',
185 silly addNameRange     '1.5.2',
185 silly addNameRange     '1.6.0',
185 silly addNameRange     '1.5.3',
185 silly addNameRange     '1.6.1',
185 silly addNameRange     '1.6.2',
185 silly addNameRange     '1.7.0',
185 silly addNameRange     '1.8.0',
185 silly addNameRange     '1.8.1',
185 silly addNameRange     '1.8.2',
185 silly addNameRange     '1.8.3',
185 silly addNameRange     '1.8.4',
185 silly addNameRange     '1.9.0',
185 silly addNameRange     '2.0.0',
185 silly addNameRange     '2.0.1',
185 silly addNameRange     '2.0.2',
185 silly addNameRange     '2.0.3',
185 silly addNameRange     '2.0.4',
185 silly addNameRange     '2.0.5',
185 silly addNameRange     '2.0.6',
185 silly addNameRange     '2.0.7',
185 silly addNameRange     '2.0.8',
185 silly addNameRange     '2.0.9',
185 silly addNameRange     '2.1.0',
185 silly addNameRange     '2.2.0',
185 silly addNameRange     '2.2.1',
185 silly addNameRange     '2.3.0',
185 silly addNameRange     '2.3.1',
185 silly addNameRange     '2.3.2',
185 silly addNameRange     '2.3.3',
185 silly addNameRange     '2.3.4',
185 silly addNameRange     '2.3.5',
185 silly addNameRange     '2.4.0',
185 silly addNameRange     '2.5.0',
185 silly addNameRange     '2.5.1',
185 silly addNameRange     '2.6.0',
185 silly addNameRange     '2.6.1',
185 silly addNameRange     '2.6.2',
185 silly addNameRange     '2.7.0' ] ]
186 silly addNamed nan@2.7.0
187 verbose addNamed "2.7.0" is a plain semver version for nan
188 silly mapToRegistry name nan
189 silly mapToRegistry using default registry
190 silly mapToRegistry registry https://registry.npmjs.org/
191 silly mapToRegistry data Result {
191 silly mapToRegistry   raw: 'nan',
191 silly mapToRegistry   scope: null,
191 silly mapToRegistry   escapedName: 'nan',
191 silly mapToRegistry   name: 'nan',
191 silly mapToRegistry   rawSpec: '',
191 silly mapToRegistry   spec: 'latest',
191 silly mapToRegistry   type: 'tag' }
192 silly mapToRegistry uri https://registry.npmjs.org/nan
193 verbose addRemoteTarball https://registry.npmjs.org/nan/-/nan-2.7.0.tgz not in flight; adding
194 verbose addRemoteTarball [ 'https://registry.npmjs.org/nan/-/nan-2.7.0.tgz',
194 verbose addRemoteTarball   'd95bf721ec877e08db276ed3fc6eb78f9083ad46' ]
195 info retry fetch attempt 1 at 7:45:06 PM
196 info attempt registry request try #1 at 7:45:06 PM
197 http fetch GET https://registry.npmjs.org/nan/-/nan-2.7.0.tgz
198 http fetch 200 https://registry.npmjs.org/nan/-/nan-2.7.0.tgz
199 silly fetchAndShaCheck shasum d95bf721ec877e08db276ed3fc6eb78f9083ad46
200 verbose addTmpTarball /tmp/npm-19634-c4c9806a/registry.npmjs.org/nan/-/nan-2.7.0.tgz not in flight; adding
201 verbose addTmpTarball already have metadata; skipping unpack for nan@2.7.0
202 verbose correctMkdir /home/marcello/.npm correctMkdir not in flight; initializing
203 silly cache afterAdd nan@2.7.0
204 verbose afterAdd /home/marcello/.npm/nan/2.7.0/package/package.json not in flight; writing
205 verbose correctMkdir /home/marcello/.npm correctMkdir not in flight; initializing
206 verbose afterAdd /home/marcello/.npm/nan/2.7.0/package/package.json written
207 silly loadAllDepsIntoIdealTree Finishing
208 silly loadIdealTree Finishing
209 silly currentTree marcello
209 silly currentTree ├── accepts@1.3.3
209 silly currentTree ├── amqplib@0.5.1
209 silly currentTree ├── array-flatten@1.1.1
209 silly currentTree ├── bitsyntax@0.0.4
209 silly currentTree ├── bluebird@3.5.0
209 silly currentTree ├─┬ body-parser@1.17.2
209 silly currentTree │ ├── debug@2.6.7
209 silly currentTree │ └── ms@2.0.0
209 silly currentTree ├── buffer-more-ints@0.0.2
209 silly currentTree ├── bytes@2.4.0
209 silly currentTree ├── content-disposition@0.5.2
209 silly currentTree ├── content-type@1.0.2
209 silly currentTree ├── cookie-parser@1.4.3
209 silly currentTree ├── cookie-signature@1.0.6
209 silly currentTree ├── cookie@0.3.1
209 silly currentTree ├── core-util-is@1.0.2
209 silly currentTree ├── debug@2.6.1
209 silly currentTree ├── depd@1.1.0
209 silly currentTree ├── destroy@1.0.4
209 silly currentTree ├── ee-first@1.1.1
209 silly currentTree ├── encodeurl@1.0.1
209 silly currentTree ├── escape-html@1.0.3
209 silly currentTree ├── etag@1.8.0
209 silly currentTree ├── express@4.15.2
209 silly currentTree ├─┬ finalhandler@1.0.1
209 silly currentTree │ └── debug@2.6.3
209 silly currentTree ├── forwarded@0.1.0
209 silly currentTree ├── fresh@0.5.0
209 silly currentTree ├── http-errors@1.6.1
209 silly currentTree ├── iconv-lite@0.4.15
209 silly currentTree ├── inherits@2.0.3
209 silly currentTree ├── ipaddr.js@1.3.0
209 silly currentTree ├── irc-colors@1.3.3
209 silly currentTree ├── irc@0.5.2
209 silly currentTree ├── isarray@0.0.1
209 silly currentTree ├── media-typer@0.3.0
209 silly currentTree ├── merge-descriptors@1.0.1
209 silly currentTree ├── methods@1.1.2
209 silly currentTree ├── mime-db@1.27.0
209 silly currentTree ├── mime-types@2.1.15
209 silly currentTree ├── mime@1.3.4
209 silly currentTree ├── ms@0.7.2
209 silly currentTree ├── negotiator@0.6.1
209 silly currentTree ├── on-finished@2.3.0
209 silly currentTree ├── parseurl@1.3.1
209 silly currentTree ├── path-to-regexp@0.1.7
209 silly currentTree ├── proxy-addr@1.1.4
209 silly currentTree ├── qs@6.4.0
209 silly currentTree ├── range-parser@1.2.0
209 silly currentTree ├── raw-body@2.2.0
209 silly currentTree ├── readable-stream@1.1.14
209 silly currentTree ├── send@0.15.1
209 silly currentTree ├── serve-static@1.12.1
209 silly currentTree ├── setprototypeof@1.0.3
209 silly currentTree ├── statuses@1.3.1
209 silly currentTree ├── string_decoder@0.10.31
209 silly currentTree ├── type-is@1.6.15
209 silly currentTree ├── unpipe@1.0.0
209 silly currentTree ├── utils-merge@1.0.0
209 silly currentTree └── vary@1.1.1
210 silly idealTree marcello
210 silly idealTree ├── accepts@1.3.3
210 silly idealTree ├── amqplib@0.5.1
210 silly idealTree ├── array-flatten@1.1.1
210 silly idealTree ├── bitsyntax@0.0.4
210 silly idealTree ├── bluebird@3.5.0
210 silly idealTree ├─┬ body-parser@1.17.2
210 silly idealTree │ ├── debug@2.6.7
210 silly idealTree │ └── ms@2.0.0
210 silly idealTree ├── buffer-more-ints@0.0.2
210 silly idealTree ├── bytes@2.4.0
210 silly idealTree ├── content-disposition@0.5.2
210 silly idealTree ├── content-type@1.0.2
210 silly idealTree ├── cookie-parser@1.4.3
210 silly idealTree ├── cookie-signature@1.0.6
210 silly idealTree ├── cookie@0.3.1
210 silly idealTree ├── core-util-is@1.0.2
210 silly idealTree ├── debug@2.6.1
210 silly idealTree ├── depd@1.1.0
210 silly idealTree ├── destroy@1.0.4
210 silly idealTree ├── ee-first@1.1.1
210 silly idealTree ├── encodeurl@1.0.1
210 silly idealTree ├── escape-html@1.0.3
210 silly idealTree ├── etag@1.8.0
210 silly idealTree ├── express@4.15.2
210 silly idealTree ├─┬ finalhandler@1.0.1
210 silly idealTree │ └── debug@2.6.3
210 silly idealTree ├── forwarded@0.1.0
210 silly idealTree ├── fresh@0.5.0
210 silly idealTree ├── http-errors@1.6.1
210 silly idealTree ├── iconv-lite@0.4.15
210 silly idealTree ├── iconv@2.2.3
210 silly idealTree ├── inherits@2.0.3
210 silly idealTree ├── ipaddr.js@1.3.0
210 silly idealTree ├── irc-colors@1.3.3
210 silly idealTree ├── irc@0.5.2
210 silly idealTree ├── isarray@0.0.1
210 silly idealTree ├── kill@0.0.2
210 silly idealTree ├── media-typer@0.3.0
210 silly idealTree ├── merge-descriptors@1.0.1
210 silly idealTree ├── methods@1.1.2
210 silly idealTree ├── mime-db@1.27.0
210 silly idealTree ├── mime-types@2.1.15
210 silly idealTree ├── mime@1.3.4
210 silly idealTree ├── ms@0.7.2
210 silly idealTree ├── nan@2.7.0
210 silly idealTree ├── negotiator@0.6.1
210 silly idealTree ├── node-icu-charset-detector@0.2.0
210 silly idealTree ├── on-finished@2.3.0
210 silly idealTree ├── parseurl@1.3.1
210 silly idealTree ├── path-to-regexp@0.1.7
210 silly idealTree ├── proxy-addr@1.1.4
210 silly idealTree ├── qs@6.4.0
210 silly idealTree ├── range-parser@1.2.0
210 silly idealTree ├── raw-body@2.2.0
210 silly idealTree ├── readable-stream@1.1.14
210 silly idealTree ├── send@0.15.1
210 silly idealTree ├── serve-static@1.12.1
210 silly idealTree ├── setprototypeof@1.0.3
210 silly idealTree ├── statuses@1.3.1
210 silly idealTree ├── string_decoder@0.10.31
210 silly idealTree ├── type-is@1.6.15
210 silly idealTree ├── unpipe@1.0.0
210 silly idealTree ├── utils-merge@1.0.0
210 silly idealTree └── vary@1.1.1
211 silly generateActionsToTake Starting
212 silly install generateActionsToTake
213 warn checkPermissions Missing write access to /home/marcello/node_modules
214 silly rollbackFailedOptional Starting
215 silly rollbackFailedOptional Finishing
216 silly runTopLevelLifecycles Finishing
217 silly install printInstalled
218 warn enoent ENOENT: no such file or directory, open '/home/marcello/package.json'
219 verbose enoent ENOENT: no such file or directory, open '/home/marcello/package.json'
219 verbose enoent This is most likely not a problem with npm itself
219 verbose enoent and is related to npm not being able to find a file.
220 warn marcello No description
221 verbose If you need help, you may report this error at:
221 verbose     <https://github.com/npm/npm/issues>
222 warn marcello No repository field.
223 verbose If you need help, you may report this error at:
223 verbose     <https://github.com/npm/npm/issues>
224 warn marcello No README data
225 verbose If you need help, you may report this error at:
225 verbose     <https://github.com/npm/npm/issues>
226 warn marcello No license field.
227 verbose If you need help, you may report this error at:
227 verbose     <https://github.com/npm/npm/issues>
228 warn You are using a pre-release version of node and things may not work as expected
229 verbose If you need help, you may report this error at:
229 verbose     <https://github.com/npm/npm/issues>
230 verbose stack Error: EACCES: permission denied, access '/home/marcello/node_modules'
231 verbose cwd /home/marcello/socketComSemaforo
232 error Linux 3.19.0-80-generic
233 error argv "/usr/local/bin/node" "/usr/local/bin/npm" "install" "kill"
234 error node v8.0.0-pre
235 error npm  v4.0.5
236 error path /home/marcello/node_modules
237 error code EACCES
238 error errno -13
239 error syscall access
240 error Error: EACCES: permission denied, access '/home/marcello/node_modules'
240 error  { Error: EACCES: permission denied, access '/home/marcello/node_modules'
240 error   errno: -13,
240 error   code: 'EACCES',
240 error   syscall: 'access',
240 error   path: '/home/marcello/node_modules' }
241 error Please try running this command again as root/Administrator.
242 verbose exit [ -13, true ]
